
=== 2026-04-06 | OK:172 ERRO:18 ===
2026-04-06|PĂŁo de AĂ§Ășcar|Cervejas|Heineken Lata 350ml|SĂŁo Paulo|R$4.79|OK(rota10)
2026-04-06|PĂŁo de AĂ§Ășcar|Cervejas|Heineken Lata 269ml|SĂŁo Paulo|R$3.89|OK(rota10)
2026-04-06|PĂŁo de AĂ§Ășcar|Cervejas|Heineken 0.0 350ml|SĂŁo Paulo|R$4.79|OK(rota10)
2026-04-06|PĂŁo de AĂ§Ășcar|Cervejas|Skol Lata 269ml|SĂŁo Paulo|R$2.79|OK(rota10)
2026-04-06|PĂŁo de AĂ§Ășcar|Cervejas|Brahma Duplo Malte 350ml|SĂŁo Paulo|R$3.69|OK(rota10)
2026-04-06|PĂŁo de AĂ§Ășcar|Cervejas|Stella Artois Long Neck 330ml|SĂŁo Paulo|R$6.99|OK(rota10)
2026-04-06|PĂŁo de AĂ§Ășcar|Cervejas|Corona Extra Long Neck 330ml|SĂŁo Paulo|R$7.79|OK(rota10)
2026-04-06|PĂŁo de AĂ§Ășcar|Cervejas|Corona Extra Lata 350ml|SĂŁo Paulo|R$6.29|OK(rota10)
2026-04-06|PĂŁo de AĂ§Ășcar|Cervejas|Budweiser Lata 269ml|SĂŁo Paulo|R$3.49|OK(rota10)
2026-04-06|PĂŁo de AĂ§Ășcar|Cervejas|Amstel Lata 350ml|SĂŁo Paulo|R$3.29|OK(rota10)
2026-04-06|PĂŁo de AĂ§Ășcar|Cervejas|Amstel Lata 269ml|SĂŁo Paulo|R$2.79|OK(rota10)
2026-04-06|PĂŁo de AĂ§Ășcar|Cervejas|Spaten Puro Malte Lata 350ml|SĂŁo Paulo|R$4.19|OK(rota10)
2026-04-06|PĂŁo de AĂ§Ășcar|Cervejas|Spaten Puro Malte Lata 269ml|SĂŁo Paulo|R$3.79|OK(rota10)
2026-04-06|PĂŁo de AĂ§Ășcar|Cervejas|Original Lata 269ml|SĂŁo Paulo|R$3.79|OK(rota10)
2026-04-06|PĂŁo de AĂ§Ășcar|Cervejas|Itaipava Lata 350ml|SĂŁo Paulo|R$2.99|OK(rota10)
2026-04-06|PĂŁo de AĂ§Ășcar|Carnes|Salsicha Hot Dog 500g Sadia 500g|SĂŁo Paulo|R$17.90|OK(rota10)
2026-04-06|PĂŁo de AĂ§Ășcar|Carnes|Salsicha Hot Dog 500g PerdigĂŁo 500g|SĂŁo Paulo|R$14.79|OK(rota10)
2026-04-06|PĂŁo de AĂ§Ășcar|Carnes|Salsicha Hot Dog 500g Seara 500g|SĂŁo Paulo|R$13.79|OK(rota10)
2026-04-06|PĂŁo de AĂ§Ășcar|Carnes|LinguiĂ§a Toscana 700g PerdigĂŁo 700g|SĂŁo Paulo|â|ERRO:produto_indisponivel
2026-04-06|PĂŁo de AĂ§Ășcar|Carnes|LinguiĂ§a Toscana 700g Swift 700g|SĂŁo Paulo|R$19.50|OK(rota10)
2026-04-06|PĂŁo de AĂ§Ășcar|Carnes|Nuggets de Frango 300g Sadia 300g|SĂŁo Paulo|R$12.90|OK(rota10)
2026-04-06|PĂŁo de AĂ§Ășcar|Carnes|Lasanha Bolonhesa 600g Sadia 600g|SĂŁo Paulo|R$18.90|OK(rota10)
2026-04-06|PĂŁo de AĂ§Ășcar|Carnes|Lasanha Bolonhesa 600g PerdigĂŁo 600g|SĂŁo Paulo|R$18.90|OK(rota10)
2026-04-06|PĂŁo de AĂ§Ășcar|Carnes|Lasanha Bolonhesa 600g Seara 600g|SĂŁo Paulo|R$20.90|OK(rota10)
2026-04-06|PĂŁo de AĂ§Ășcar|Carnes|Peito de Frango 1kg Sadia 1kg|SĂŁo Paulo|R$32.90|OK(rota10)
2026-04-06|PĂŁo de AĂ§Ășcar|Carnes|Peito de Frango 1kg Swift 1kg|SĂŁo Paulo|â|ERRO:produto_indisponivel
2026-04-06|PĂŁo de AĂ§Ășcar|Carnes|Peito de Frango 1kg Seara 1kg|SĂŁo Paulo|R$15.50|OK(rota10)
2026-04-06|PĂŁo de AĂ§Ășcar|Carnes|Coxa de Frango 1kg Swift 1kg|SĂŁo Paulo|R$12.90|OK(rota10)
2026-04-06|PĂŁo de AĂ§Ășcar|Carnes|Asa de Frango 1kg Swift 1kg|SĂŁo Paulo|R$16.90|OK(rota10)
2026-04-06|PĂŁo de AĂ§Ășcar|Carnes|Fraldinha 1kg Bassi 1kg|SĂŁo Paulo|â|ERRO:produto_indisponivel
2026-04-06|PĂŁo de AĂ§Ășcar|Carnes|Picanha 1kg Bassi 1kg|SĂŁo Paulo|R$223.86|OK(rota10)
2026-04-06|PĂŁo de AĂ§Ășcar|Carnes|Picanha 1kg Friboi 1kg|SĂŁo Paulo|â|ERRO:produto_indisponivel
2026-04-06|PĂŁo de AĂ§Ășcar|Carnes|Picanha 1kg EstĂąncia 92 1kg|SĂŁo Paulo|R$207.87|OK(rota10)
2026-04-06|PĂŁo de AĂ§Ășcar|Carnes|Carne Moida 1kg Swift 1kg|SĂŁo Paulo|R$41.90|OK(rota10)
2026-04-06|PĂŁo de AĂ§Ășcar|Biscoitos|Ăgua e Sal 300g Marilan 300g|SĂŁo Paulo|R$6.99|OK(rota10)
2026-04-06|PĂŁo de AĂ§Ășcar|Biscoitos|Ăgua e Sal 300g Mabel 300g|SĂŁo Paulo|â|ERRO:produto_indisponivel
2026-04-06|PĂŁo de AĂ§Ășcar|Biscoitos|Ăgua e Sal 350g Vitarella 350g|SĂŁo Paulo|R$7.99|OK(rota10)
2026-04-06|PĂŁo de AĂ§Ășcar|Biscoitos|Cream Cracker 300g Marilan 300g|SĂŁo Paulo|R$7.99|OK(rota10)
2026-04-06|PĂŁo de AĂ§Ășcar|Biscoitos|Cream Cracker 300g Mabel 300g|SĂŁo Paulo|R$5.89|OK(rota10)
2026-04-06|PĂŁo de AĂ§Ășcar|Biscoitos|Cream Cracker 184g Piraque 184g|SĂŁo Paulo|R$6.29|OK(rota10)
2026-04-06|PĂŁo de AĂ§Ășcar|Biscoitos|Cream Cracker 140g Marilan 140g|SĂŁo Paulo|R$4.29|OK(rota10)
2026-04-06|PĂŁo de AĂ§Ășcar|Biscoitos|Cream Cracker 165g Bauducco 165g|SĂŁo Paulo|R$3.99|OK(rota10)
2026-04-06|PĂŁo de AĂ§Ășcar|Biscoitos|Cream Cracker 170g Adria 170g|SĂŁo Paulo|R$4.09|OK(rota10)
2026-04-06|PĂŁo de AĂ§Ășcar|Biscoitos|Oreo 90g Mondelez 90g|SĂŁo Paulo|R$5.29|OK(rota10)
2026-04-06|PĂŁo de AĂ§Ășcar|Biscoitos|Passatempo 150g NestlĂ© 150g|SĂŁo Paulo|R$4.59|OK(rota10)
2026-04-06|PĂŁo de AĂ§Ășcar|Biscoitos|Recheado Chocolate 140g Bauducco 140g|SĂŁo Paulo|R$5.29|OK(rota10)
2026-04-06|PĂŁo de AĂ§Ășcar|Massas|MacarrĂŁo Espaguete 500g Barilla 500g|SĂŁo Paulo|R$4.99|OK(rota10)
2026-04-06|PĂŁo de AĂ§Ășcar|Massas|MacarrĂŁo Espaguete 500g Adria 500g|SĂŁo Paulo|R$4.29|OK(rota10)
2026-04-06|PĂŁo de AĂ§Ășcar|Massas|Miojo Carne 85g Nissin 85g|SĂŁo Paulo|R$3.09|OK(rota10)
2026-04-06|PĂŁo de AĂ§Ășcar|Mercearia|Arroz Branco 5kg Tio JoĂŁo 5kg|SĂŁo Paulo|R$32.99|OK(rota10)
2026-04-06|PĂŁo de AĂ§Ășcar|Mercearia|Arroz Branco 5kg Camil 5kg|SĂŁo Paulo|R$23.99|OK(rota10)
2026-04-06|PĂŁo de AĂ§Ășcar|Mercearia|FeijĂŁo Carioca 1kg Camil 1kg|SĂŁo Paulo|R$9.99|OK(rota10)
2026-04-06|PĂŁo de AĂ§Ășcar|Mercearia|FeijĂŁo Carioca 1kg Kicaldo 1kg|SĂŁo Paulo|R$9.99|OK(rota10)
2026-04-06|PĂŁo de AĂ§Ășcar|Mercearia|AĂ§Ășcar Refinado 1kg UniĂŁo 1kg|SĂŁo Paulo|â|ERRO:produto_indisponivel
2026-04-06|PĂŁo de AĂ§Ășcar|Mercearia|AĂ§Ășcar Refinado 1kg Caravelas 1kg|SĂŁo Paulo|R$4.29|OK(rota10)
2026-04-06|PĂŁo de AĂ§Ășcar|Mercearia|AĂ§Ășcar Refinado 1kg Da Barra 1kg|SĂŁo Paulo|R$4.79|OK(rota10)
2026-04-06|PĂŁo de AĂ§Ășcar|Mercearia|Farinha de Trigo 1kg Dona Benta 1kg|SĂŁo Paulo|â|ERRO:produto_indisponivel
2026-04-06|PĂŁo de AĂ§Ășcar|Mercearia|CafĂ© Torrado e MoĂ­do 500g PilĂŁo 500g|SĂŁo Paulo|R$36.99|OK(rota10)
2026-04-06|PĂŁo de AĂ§Ășcar|Mercearia|CafĂ© Torrado e MoĂ­do 500g CafĂ© Brasileiro 500g|SĂŁo Paulo|R$33.99|OK(rota10)
2026-04-06|PĂŁo de AĂ§Ășcar|Mercearia|CafĂ© Torrado e MoĂ­do 500g UniĂŁo 500g|SĂŁo Paulo|R$34.99|OK(rota10)
2026-04-06|Extra|Cervejas|Antarctica Lata 350ml|SĂŁo Paulo|R$3.69|OK(rota10)
2026-04-06|Extra|Cervejas|Heineken Lata 350ml|SĂŁo Paulo|R$4.79|OK(rota10)
2026-04-06|Extra|Cervejas|Heineken Lata 269ml|SĂŁo Paulo|R$3.89|OK(rota10)
2026-04-06|Extra|Cervejas|Heineken 0.0 350ml|SĂŁo Paulo|R$4.79|OK(rota10)
2026-04-06|Extra|Cervejas|Skol Lata 350ml|SĂŁo Paulo|R$3.69|OK(rota10)
2026-04-06|Extra|Cervejas|Skol Lata 269ml|SĂŁo Paulo|â|ERRO:produto_indisponivel
2026-04-06|Extra|Cervejas|Brahma Duplo Malte 350ml|SĂŁo Paulo|R$3.69|OK(rota10)
2026-04-06|Extra|Cervejas|Brahma Duplo Malte 269ml|SĂŁo Paulo|R$3.29|OK(rota10)
2026-04-06|Extra|Cervejas|Corona Extra Long Neck 330ml|SĂŁo Paulo|â|ERRO:produto_indisponivel
2026-04-06|Extra|Cervejas|Corona Extra Lata 350ml|SĂŁo Paulo|R$6.29|OK(rota10)
2026-04-06|Extra|Cervejas|Budweiser Lata 350ml|SĂŁo Paulo|â|ERRO:produto_indisponivel
2026-04-06|Extra|Cervejas|Budweiser Lata 269ml|SĂŁo Paulo|R$3.49|OK(rota10)
2026-04-06|Extra|Cervejas|Amstel Lata 350ml|SĂŁo Paulo|R$3.29|OK(rota10)
2026-04-06|Extra|Cervejas|Amstel Lata 269ml|SĂŁo Paulo|R$2.79|OK(rota10)
2026-04-06|Extra|Cervejas|Spaten Puro Malte Lata 350ml|SĂŁo Paulo|R$4.19|OK(rota10)
2026-04-06|Extra|Cervejas|Spaten Puro Malte Lata 269ml|SĂŁo Paulo|R$3.79|OK(rota10)
2026-04-06|Extra|Cervejas|Original Lata 350ml|SĂŁo Paulo|R$4.79|OK(rota10)
2026-04-06|Extra|Cervejas|Original Lata 269ml|SĂŁo Paulo|R$2.99|OK(rota10)
2026-04-06|Extra|Cervejas|Itaipava Lata 350ml|SĂŁo Paulo|R$2.99|OK(rota10)
2026-04-06|Extra|Carnes|Salsicha Hot Dog 500g Sadia 500g|SĂŁo Paulo|R$16.90|OK(rota10)
2026-04-06|Extra|Carnes|Salsicha Hot Dog 500g PerdigĂŁo 500g|SĂŁo Paulo|R$12.99|OK(rota10)
2026-04-06|Extra|Carnes|Salsicha Hot Dog 500g Seara 500g|SĂŁo Paulo|R$15.29|OK(rota10)
2026-04-06|Extra|Carnes|LinguiĂ§a Toscana 700g Sadia 700g|SĂŁo Paulo|R$24.90|OK(rota10)
2026-04-06|Extra|Carnes|LinguiĂ§a Toscana 700g PerdigĂŁo 700g|SĂŁo Paulo|â|ERRO:produto_indisponivel
2026-04-06|Extra|Carnes|LinguiĂ§a Toscana 700g Swift 700g|SĂŁo Paulo|R$19.50|OK(rota10)
2026-04-06|Extra|Carnes|Nuggets de Frango 300g Sadia 300g|SĂŁo Paulo|R$12.90|OK(rota10)
2026-04-06|Extra|Carnes|Lasanha Bolonhesa 600g Sadia 600g|SĂŁo Paulo|R$19.90|OK(rota10)
2026-04-06|Extra|Carnes|Lasanha Bolonhesa 600g PerdigĂŁo 600g|SĂŁo Paulo|R$17.90|OK(rota10)
2026-04-06|Extra|Carnes|Lasanha Bolonhesa 600g Seara 600g|SĂŁo Paulo|R$18.90|OK(rota10)
2026-04-06|Extra|Carnes|Peito de Frango 1kg Sadia 1kg|SĂŁo Paulo|R$28.90|OK(rota10)
2026-04-06|Extra|Carnes|Peito de Frango 1kg Swift 1kg|SĂŁo Paulo|R$27.90|OK(rota10)
2026-04-06|Extra|Carnes|Coxa de Frango 1kg Sadia 1kg|SĂŁo Paulo|R$16.49|OK(rota10)
2026-04-06|Extra|Carnes|Coxa de Frango 1kg Swift 1kg|SĂŁo Paulo|R$12.90|OK(rota10)
2026-04-06|Extra|Carnes|Coxa de Frango 1kg Seara 1kg|SĂŁo Paulo|R$14.50|OK(rota10)
2026-04-06|Extra|Carnes|Asa de Frango 1kg Swift 1kg|SĂŁo Paulo|R$16.90|OK(rota10)
2026-04-06|Extra|Carnes|Fraldinha 1kg Bassi 1kg|SĂŁo Paulo|â|ERRO:produto_indisponivel
2026-04-06|Extra|Carnes|Picanha 1kg Bassi 1kg|SĂŁo Paulo|â|ERRO:produto_indisponivel
2026-04-06|Extra|Carnes|Picanha 1kg EstĂąncia 92 1kg|SĂŁo Paulo|â|ERRO:produto_indisponivel
2026-04-06|Extra|Carnes|Carne Moida 1kg Swift 1kg|SĂŁo Paulo|R$59.90|OK(rota10)
2026-04-06|Extra|Biscoitos|Ăgua e Sal 300g Marilan 300g|SĂŁo Paulo|R$6.99|OK(rota10)
2026-04-06|Extra|Biscoitos|Ăgua e Sal 350g Vitarella 350g|SĂŁo Paulo|R$6.79|OK(rota10)
2026-04-06|Extra|Biscoitos|Ăgua e Sal 170g Adria 170g|SĂŁo Paulo|R$4.15|OK(rota10)
2026-04-06|Extra|Biscoitos|Ăgua e Sal 184g Piraque 184g|SĂŁo Paulo|R$5.99|OK(rota10)
2026-04-06|Extra|Biscoitos|Cream Cracker 300g Marilan 300g|SĂŁo Paulo|â|ERRO:produto_indisponivel
2026-04-06|Extra|Biscoitos|Cream Cracker 350g Vitarella 350g|SĂŁo Paulo|R$6.79|OK(rota10)
2026-04-06|Extra|Biscoitos|Cream Cracker 184g Piraque 184g|SĂŁo Paulo|â|ERRO:produto_indisponivel
2026-04-06|Extra|Biscoitos|Cream Cracker 140g Marilan 140g|SĂŁo Paulo|R$3.59|OK(rota10)
2026-04-06|Extra|Biscoitos|Cream Cracker 165g Bauducco 165g|SĂŁo Paulo|R$3.59|OK(rota10)
2026-04-06|Extra|Biscoitos|Cream Cracker 170g Adria 170g|SĂŁo Paulo|R$4.15|OK(rota10)
2026-04-06|Extra|Biscoitos|Oreo 90g Mondelez 90g|SĂŁo Paulo|R$4.39|OK(rota10)
2026-04-06|Extra|Biscoitos|Passatempo 150g NestlĂ© 150g|SĂŁo Paulo|R$3.59|OK(rota10)
2026-04-06|Extra|Biscoitos|Recheado Chocolate 140g Bauducco 140g|SĂŁo Paulo|R$4.89|OK(rota10)
2026-04-06|Extra|Massas|MacarrĂŁo Espaguete 500g Barilla 500g|SĂŁo Paulo|R$5.29|OK(rota10)
2026-04-06|Extra|Massas|MacarrĂŁo Espaguete 500g Adria 500g|SĂŁo Paulo|R$3.89|OK(rota10)
2026-04-06|Extra|Massas|MacarrĂŁo Espaguete 500g Dona Benta 500g|SĂŁo Paulo|R$3.79|OK(rota10)
2026-04-06|Extra|Massas|Miojo Carne 85g Nissin 85g|SĂŁo Paulo|R$3.09|OK(rota10)
2026-04-06|Extra|Mercearia|Arroz Branco 5kg Tio JoĂŁo 5kg|SĂŁo Paulo|R$29.99|OK(rota10)
2026-04-06|Extra|Mercearia|Arroz Branco 5kg Camil 5kg|SĂŁo Paulo|R$22.99|OK(rota10)
2026-04-06|Extra|Mercearia|FeijĂŁo Carioca 1kg Camil 1kg|SĂŁo Paulo|R$9.99|OK(rota10)
2026-04-06|Extra|Mercearia|FeijĂŁo Carioca 1kg Kicaldo 1kg|SĂŁo Paulo|R$9.79|OK(rota10)
2026-04-06|Extra|Mercearia|AĂ§Ășcar Refinado 1kg UniĂŁo 1kg|SĂŁo Paulo|R$4.39|OK(rota10)
2026-04-06|Extra|Mercearia|AĂ§Ășcar Refinado 1kg Caravelas 1kg|SĂŁo Paulo|R$3.99|OK(rota10)
2026-04-06|Extra|Mercearia|AĂ§Ășcar Refinado 1kg Guarani 1kg|SĂŁo Paulo|R$4.49|OK(rota10)
2026-04-06|Extra|Mercearia|Farinha de Trigo 1kg Sol 1kg|SĂŁo Paulo|R$4.49|OK(rota10)
2026-04-06|Extra|Mercearia|CafĂ© Torrado e MoĂ­do 500g PilĂŁo 500g|SĂŁo Paulo|R$35.99|OK(rota10)
2026-04-06|Extra|Mercearia|CafĂ© Torrado e MoĂ­do 500g Melitta 500g|SĂŁo Paulo|â|ERRO:produto_indisponivel
2026-04-06|Extra|Mercearia|CafĂ© Torrado e MoĂ­do 500g CafĂ© Brasileiro 500g|SĂŁo Paulo|R$32.99|OK(rota10)
2026-04-06|Extra|Mercearia|CafĂ© Torrado e MoĂ­do 500g UniĂŁo 500g|SĂŁo Paulo|â|ERRO:produto_indisponivel
2026-04-06|AtacadĂŁo|Cervejas|Antarctica Lata 350ml|SĂŁo Paulo|R$4.19|OK(rota10)
2026-04-06|AtacadĂŁo|Cervejas|Heineken Lata 350ml|SĂŁo Paulo|R$4.79|OK(rota10)
2026-04-06|AtacadĂŁo|Cervejas|Heineken Lata 269ml|SĂŁo Paulo|R$3.79|OK(rota10)
2026-04-06|AtacadĂŁo|Cervejas|Heineken 0.0 350ml|SĂŁo Paulo|R$4.79|OK(rota10)
2026-04-06|AtacadĂŁo|Cervejas|Skol Lata 350ml|SĂŁo Paulo|R$3.99|OK(rota10)
2026-04-06|AtacadĂŁo|Cervejas|Skol Lata 269ml|SĂŁo Paulo|R$3.29|OK(rota10)
2026-04-06|AtacadĂŁo|Cervejas|Brahma Duplo Malte 350ml|SĂŁo Paulo|R$4.49|OK(rota10)
2026-04-06|AtacadĂŁo|Cervejas|Brahma Duplo Malte 269ml|SĂŁo Paulo|R$3.39|OK(rota10)
2026-04-06|AtacadĂŁo|Cervejas|Stella Artois Long Neck 330ml|SĂŁo Paulo|R$6.49|OK(rota10)
2026-04-06|AtacadĂŁo|Cervejas|Corona Extra Long Neck 330ml|SĂŁo Paulo|R$7.99|OK(rota10)
2026-04-06|AtacadĂŁo|Cervejas|Budweiser Lata 350ml|SĂŁo Paulo|R$4.29|OK(rota10)
2026-04-06|AtacadĂŁo|Cervejas|Budweiser Lata 269ml|SĂŁo Paulo|R$3.89|OK(rota10)
2026-04-06|AtacadĂŁo|Cervejas|Amstel Lata 350ml|SĂŁo Paulo|R$3.99|OK(rota10)
2026-04-06|AtacadĂŁo|Cervejas|Amstel Lata 269ml|SĂŁo Paulo|R$2.69|OK(rota10)
2026-04-06|AtacadĂŁo|Cervejas|Spaten Puro Malte Lata 350ml|SĂŁo Paulo|R$4.99|OK(rota10)
2026-04-06|AtacadĂŁo|Cervejas|Spaten Puro Malte Lata 269ml|SĂŁo Paulo|R$3.79|OK(rota10)
2026-04-06|AtacadĂŁo|Cervejas|Original Lata 350ml|SĂŁo Paulo|R$5.09|OK(rota10)
2026-04-06|AtacadĂŁo|Cervejas|Original Lata 269ml|SĂŁo Paulo|R$3.09|OK(rota10)
2026-04-06|AtacadĂŁo|Cervejas|Itaipava Lata 350ml|SĂŁo Paulo|R$2.39|OK(rota10)
2026-04-06|AtacadĂŁo|Carnes|Salsicha Hot Dog 500g Sadia 500g|SĂŁo Paulo|R$12.80|OK(rota10)
2026-04-06|AtacadĂŁo|Carnes|Salsicha Hot Dog 500g PerdigĂŁo 500g|SĂŁo Paulo|R$12.50|OK(rota10)
2026-04-06|AtacadĂŁo|Carnes|Salsicha Hot Dog 500g Seara 500g|SĂŁo Paulo|R$9.90|OK(rota10)
2026-04-06|AtacadĂŁo|Carnes|LinguiĂ§a Toscana 700g Sadia 700g|SĂŁo Paulo|R$11.97|OK(rota10)
2026-04-06|AtacadĂŁo|Carnes|LinguiĂ§a Toscana 700g PerdigĂŁo 700g|SĂŁo Paulo|R$13.90|OK(rota10)
2026-04-06|AtacadĂŁo|Carnes|Nuggets de Frango 300g Sadia 300g|SĂŁo Paulo|R$10.50|OK(rota10)
2026-04-06|AtacadĂŁo|Carnes|Lasanha Bolonhesa 600g Sadia 600g|SĂŁo Paulo|R$17.90|OK(rota10)
2026-04-06|AtacadĂŁo|Carnes|Lasanha Bolonhesa 600g PerdigĂŁo 600g|SĂŁo Paulo|R$15.90|OK(rota10)
2026-04-06|AtacadĂŁo|Carnes|Lasanha Bolonhesa 600g Seara 600g|SĂŁo Paulo|R$10.89|OK(rota10)
2026-04-06|AtacadĂŁo|Carnes|Peito de Frango 1kg Sadia 1kg|SĂŁo Paulo|R$19.97|OK(rota10)
2026-04-06|AtacadĂŁo|Carnes|Peito de Frango 1kg Seara 1kg|SĂŁo Paulo|R$19.95|OK(rota10)
2026-04-06|AtacadĂŁo|Carnes|Coxa de Frango 1kg Sadia 1kg|SĂŁo Paulo|R$13.90|OK(rota10)
2026-04-06|AtacadĂŁo|Carnes|Asa de Frango 1kg Sadia 1kg|SĂŁo Paulo|R$15.90|OK(rota10)
2026-04-06|AtacadĂŁo|Biscoitos|Ăgua e Sal 300g Marilan 300g|SĂŁo Paulo|R$5.39|OK(rota10)
2026-04-06|AtacadĂŁo|Biscoitos|Ăgua e Sal 300g Mabel 300g|SĂŁo Paulo|R$3.98|OK(rota10)
2026-04-06|AtacadĂŁo|Biscoitos|Ăgua e Sal 350g Vitarella 350g|SĂŁo Paulo|R$5.99|OK(rota10)
2026-04-06|AtacadĂŁo|Biscoitos|Ăgua e Sal 170g Adria 170g|SĂŁo Paulo|R$3.69|OK(rota10)
2026-04-06|AtacadĂŁo|Biscoitos|Cream Cracker 300g Mabel 300g|SĂŁo Paulo|R$3.98|OK(rota10)
2026-04-06|AtacadĂŁo|Biscoitos|Cream Cracker 350g Vitarella 350g|SĂŁo Paulo|R$5.99|OK(rota10)
2026-04-06|AtacadĂŁo|Biscoitos|Cream Cracker 140g Marilan 140g|SĂŁo Paulo|R$3.39|OK(rota10)
2026-04-06|AtacadĂŁo|Biscoitos|Cream Cracker 170g Adria 170g|SĂŁo Paulo|R$3.69|OK(rota10)
2026-04-06|AtacadĂŁo|Biscoitos|Oreo 90g Mondelez 90g|SĂŁo Paulo|R$3.98|OK(rota10)
2026-04-06|AtacadĂŁo|Biscoitos|Passatempo 150g NestlĂ© 150g|SĂŁo Paulo|R$2.65|OK(rota10)
2026-04-06|AtacadĂŁo|Biscoitos|Recheado Chocolate 140g Bauducco 140g|SĂŁo Paulo|R$4.29|OK(rota10)
2026-04-06|AtacadĂŁo|Biscoitos|Recheado Chocolate 100g Piraque 100g|SĂŁo Paulo|R$2.99|OK(rota10)
2026-04-06|AtacadĂŁo|Massas|MacarrĂŁo Espaguete 500g Barilla 500g|SĂŁo Paulo|R$4.99|OK(rota10)
2026-04-06|AtacadĂŁo|Massas|MacarrĂŁo Espaguete 500g Adria 500g|SĂŁo Paulo|R$3.70|OK(rota10)
2026-04-06|AtacadĂŁo|Massas|MacarrĂŁo Espaguete 500g Camil 500g|SĂŁo Paulo|R$3.29|OK(rota10)
2026-04-06|AtacadĂŁo|Massas|MacarrĂŁo Espaguete 500g Dona Benta 500g|SĂŁo Paulo|R$3.39|OK(rota10)
2026-04-06|AtacadĂŁo|Massas|Miojo Carne 85g Nissin 85g|SĂŁo Paulo|R$2.79|OK(rota10)
2026-04-06|AtacadĂŁo|Mercearia|Arroz Branco 5kg Tio JoĂŁo 5kg|SĂŁo Paulo|R$27.29|OK(rota10)
2026-04-06|AtacadĂŁo|Mercearia|Arroz Branco 5kg Camil 5kg|SĂŁo Paulo|R$19.89|OK(rota10)
2026-04-06|AtacadĂŁo|Mercearia|FeijĂŁo Carioca 1kg Camil 1kg|SĂŁo Paulo|R$8.39|OK(rota10)
2026-04-06|AtacadĂŁo|Mercearia|FeijĂŁo Carioca 1kg Kicaldo 1kg|SĂŁo Paulo|R$8.45|OK(rota10)
2026-04-06|AtacadĂŁo|Mercearia|AĂ§Ășcar Refinado 1kg UniĂŁo 1kg|SĂŁo Paulo|R$3.69|OK(rota10)
2026-04-06|AtacadĂŁo|Mercearia|AĂ§Ășcar Refinado 1kg Caravelas 1kg|SĂŁo Paulo|R$3.05|OK(rota10)
2026-04-06|AtacadĂŁo|Mercearia|AĂ§Ășcar Refinado 1kg Da Barra 1kg|SĂŁo Paulo|R$3.19|OK(rota10)
2026-04-06|AtacadĂŁo|Mercearia|Farinha de Trigo 1kg Dona Benta 1kg|SĂŁo Paulo|R$4.79|OK(rota10)
2026-04-06|AtacadĂŁo|Mercearia|Farinha de Trigo 1kg Venturelli 1kg|SĂŁo Paulo|R$4.69|OK(rota10)
2026-04-06|AtacadĂŁo|Mercearia|CafĂ© Torrado e MoĂ­do 500g PilĂŁo 500g|SĂŁo Paulo|R$27.98|OK(rota10)
2026-04-06|AtacadĂŁo|Mercearia|CafĂ© Torrado e MoĂ­do 500g 3 CoraĂ§Ă”es 500g|SĂŁo Paulo|R$32.98|OK(rota10)
2026-04-06|AtacadĂŁo|Mercearia|CafĂ© Torrado e MoĂ­do 500g Melitta 500g|SĂŁo Paulo|R$27.98|OK(rota10)
2026-04-06|AtacadĂŁo|Mercearia|CafĂ© Torrado e MoĂ­do 500g UniĂŁo 500g|SĂŁo Paulo|R$19.98|OK(rota10)